<?xml version="1.0" encoding="UTF-8"?>
<testng-results ignored="0" total="1" passed="1" failed="0" skipped="0">
  <reporter-output>
  </reporter-output>
  <suite started-at="2022-05-29T16:43:55Z" name="Surefire suite" finished-at="2022-05-29T16:43:55Z" duration-ms="6">
    <groups>
    </groups>
    <test started-at="2022-05-29T16:43:55Z" name="Surefire test" finished-at="2022-05-29T16:43:55Z" duration-ms="6">
      <class name="ApiTesting.DemoTest.AppTest">
        <test-method signature="testApp()[pri:0, instance:testApp(ApiTesting.DemoTest.AppTest)]" started-at="2022-05-29T16:43:55Z" name="testApp" finished-at="2022-05-29T16:43:55Z" duration-ms="0" status="PASS">
          <reporter-output>
          </reporter-output>
        </test-method> <!-- testApp -->
      </class> <!-- ApiTesting.DemoTest.AppTest -->
    </test> <!-- Surefire test -->
  </suite> <!-- Surefire suite -->
</testng-results>
