<?xml version="1.0" encoding="UTF-8"?>
<!-- Generated by org.testng.reporters.JUnitXMLReporter -->
<testsuite ignored="0" hostname="ZCHD-CQR-YOGENDRA-THAKUR" failures="1" tests="9" name="Surefire test" time="14.356" errors="0" timestamp="30 May 2022 05:35:04 GMT">
  <testcase classname="ApiTesting.DemoTest.TestCases" name="testCreateUser" time="3.298"/>
  <testcase classname="ApiTesting.DemoTest.TestCases" name="testDelayedResponse" time="4.823"/>
  <testcase classname="ApiTesting.DemoTest.TestCases" name="testFetchListOfUsers" time="1.247"/>
  <testcase classname="ApiTesting.DemoTest.TestCases" name="testFetchSingleUser" time="0.781"/>
  <testcase classname="ApiTesting.DemoTest.TestCases" name="testFetchUsers" time="0.001">
    <failure type="java.lang.NullPointerException">
      <![CDATA[java.lang.NullPointerException
at ApiTesting.DemoTest.TestCases.testFetchUsers(TestCases.java:36)
... Removed 30 stack frames]]>
    </failure>
  </testcase> <!-- testFetchUsers -->
  <testcase classname="ApiTesting.DemoTest.TestCases" name="testLoginUnseccusfulUser" time="0.646"/>
  <testcase classname="ApiTesting.DemoTest.TestCases" name="testLoginUser" time="0.607"/>
  <testcase classname="ApiTesting.DemoTest.TestCases" name="testRegisterUser" time="0.852"/>
  <testcase classname="ApiTesting.DemoTest.TestCases" name="testUnsuccesfulRegisterUser" time="0.667"/>
</testsuite> <!-- Surefire test -->
