<?xml version="1.0" encoding="UTF-8"?>
<testng-results ignored="0" total="9" passed="8" failed="1" skipped="0">
  <reporter-output>
  </reporter-output>
  <suite started-at="2022-05-30T05:34:49Z" name="Surefire suite" finished-at="2022-05-30T05:35:04Z" duration-ms="14356">
    <groups>
    </groups>
    <test started-at="2022-05-30T05:34:49Z" name="Surefire test" finished-at="2022-05-30T05:35:04Z" duration-ms="14356">
      <class name="ApiTesting.DemoTest.TestCases">
        <test-method is-config="true" signature="setSpecification()[pri:0, instance:ApiTesting.DemoTest.TestCases@1aa7ecca]" started-at="2022-05-30T05:34:49Z" name="setSpecification" finished-at="2022-05-30T05:34:51Z" duration-ms="1175" status="PASS">
          <reporter-output>
          </reporter-output>
        </test-method> <!-- setSpecification -->
        <test-method signature="testCreateUser()[pri:0, instance:ApiTesting.DemoTest.TestCases@1aa7ecca]" started-at="2022-05-30T05:34:51Z" name="testCreateUser" description="Creating the user" finished-at="2022-05-30T05:34:54Z" duration-ms="3298" status="PASS">
          <reporter-output>
          </reporter-output>
        </test-method> <!-- testCreateUser -->
        <test-method signature="testDelayedResponse()[pri:0, instance:ApiTesting.DemoTest.TestCases@1aa7ecca]" started-at="2022-05-30T05:34:54Z" name="testDelayedResponse" description="Delayed Response" finished-at="2022-05-30T05:34:59Z" duration-ms="4823" status="PASS">
          <reporter-output>
          </reporter-output>
        </test-method> <!-- testDelayedResponse -->
        <test-method signature="testFetchListOfUsers()[pri:0, instance:ApiTesting.DemoTest.TestCases@1aa7ecca]" started-at="2022-05-30T05:34:59Z" name="testFetchListOfUsers" description="Fetching List Of User Details" finished-at="2022-05-30T05:35:00Z" duration-ms="1247" status="PASS">
          <reporter-output>
          </reporter-output>
        </test-method> <!-- testFetchListOfUsers -->
        <test-method signature="testFetchSingleUser()[pri:0, instance:ApiTesting.DemoTest.TestCases@1aa7ecca]" started-at="2022-05-30T05:35:00Z" name="testFetchSingleUser" description="Fetching Single User" finished-at="2022-05-30T05:35:01Z" duration-ms="781" status="PASS">
          <reporter-output>
          </reporter-output>
        </test-method> <!-- testFetchSingleUser -->
        <test-method signature="testFetchUsers()[pri:0, instance:ApiTesting.DemoTest.TestCases@1aa7ecca]" started-at="2022-05-30T05:35:01Z" name="testFetchUsers" description="Fetching User Details" finished-at="2022-05-30T05:35:01Z" duration-ms="1" status="FAIL">
          <exception class="java.lang.NullPointerException">
            <full-stacktrace>
              <![CDATA[java.lang.NullPointerException
at ApiTesting.DemoTest.TestCases.testFetchUsers(TestCases.java:36)
at java.base/jdk.internal.reflect.NativeMethodAccessorImpl.invoke0(Native Method)
at java.base/jdk.internal.reflect.NativeMethodAccessorImpl.invoke(NativeMethodAccessorImpl.java:62)
at java.base/jdk.internal.reflect.DelegatingMethodAccessorImpl.invoke(DelegatingMethodAccessorImpl.java:43)
at java.base/java.lang.reflect.Method.invoke(Method.java:566)
at org.testng.internal.MethodInvocationHelper.invokeMethod(MethodInvocationHelper.java:124)
at org.testng.internal.Invoker.invokeMethod(Invoker.java:583)
at org.testng.internal.Invoker.invokeTestMethod(Invoker.java:719)
at org.testng.internal.Invoker.invokeTestMethods(Invoker.java:989)
at org.testng.internal.TestMethodWorker.invokeTestMethods(TestMethodWorker.java:125)
at org.testng.internal.TestMethodWorker.run(TestMethodWorker.java:109)
at org.testng.TestRunner.privateRun(TestRunner.java:648)
at org.testng.TestRunner.run(TestRunner.java:505)
at org.testng.SuiteRunner.runTest(SuiteRunner.java:455)
at org.testng.SuiteRunner.runSequentially(SuiteRunner.java:450)
at org.testng.SuiteRunner.privateRun(SuiteRunner.java:415)
at org.testng.SuiteRunner.run(SuiteRunner.java:364)
at org.testng.SuiteRunnerWorker.runSuite(SuiteRunnerWorker.java:52)
at org.testng.SuiteRunnerWorker.run(SuiteRunnerWorker.java:84)
at org.testng.TestNG.runSuitesSequentially(TestNG.java:1208)
at org.testng.TestNG.runSuitesLocally(TestNG.java:1137)
at org.testng.TestNG.runSuites(TestNG.java:1049)
at org.testng.TestNG.run(TestNG.java:1017)
at org.apache.maven.surefire.testng.TestNGExecutor.run(TestNGExecutor.java:135)
at org.apache.maven.surefire.testng.TestNGDirectoryTestSuite.executeMulti(TestNGDirectoryTestSuite.java:193)
at org.apache.maven.surefire.testng.TestNGDirectoryTestSuite.execute(TestNGDirectoryTestSuite.java:94)
at org.apache.maven.surefire.testng.TestNGProvider.invoke(TestNGProvider.java:146)
at org.apache.maven.surefire.booter.ForkedBooter.invokeProviderInSameClassLoader(ForkedBooter.java:384)
at org.apache.maven.surefire.booter.ForkedBooter.runSuitesInProcess(ForkedBooter.java:345)
at org.apache.maven.surefire.booter.ForkedBooter.execute(ForkedBooter.java:126)
at org.apache.maven.surefire.booter.ForkedBooter.main(ForkedBooter.java:418)
]]>
            </full-stacktrace>
          </exception> <!-- java.lang.NullPointerException -->
          <reporter-output>
          </reporter-output>
        </test-method> <!-- testFetchUsers -->
        <test-method signature="testLoginUnseccusfulUser()[pri:0, instance:ApiTesting.DemoTest.TestCases@1aa7ecca]" started-at="2022-05-30T05:35:01Z" name="testLoginUnseccusfulUser" description="Login of Unsuccesful User" finished-at="2022-05-30T05:35:01Z" duration-ms="646" status="PASS">
          <reporter-output>
          </reporter-output>
        </test-method> <!-- testLoginUnseccusfulUser -->
        <test-method signature="testLoginUser()[pri:0, instance:ApiTesting.DemoTest.TestCases@1aa7ecca]" started-at="2022-05-30T05:35:01Z" name="testLoginUser" description="Login user Response" finished-at="2022-05-30T05:35:02Z" duration-ms="607" status="PASS">
          <reporter-output>
          </reporter-output>
        </test-method> <!-- testLoginUser -->
        <test-method signature="testRegisterUser()[pri:0, instance:ApiTesting.DemoTest.TestCases@1aa7ecca]" started-at="2022-05-30T05:35:02Z" name="testRegisterUser" description="Registering the new user" finished-at="2022-05-30T05:35:03Z" duration-ms="852" status="PASS">
          <reporter-output>
          </reporter-output>
        </test-method> <!-- testRegisterUser -->
        <test-method signature="testUnsuccesfulRegisterUser()[pri:0, instance:ApiTesting.DemoTest.TestCases@1aa7ecca]" started-at="2022-05-30T05:35:03Z" name="testUnsuccesfulRegisterUser" description="Unsuccesful Register Users" finished-at="2022-05-30T05:35:03Z" duration-ms="667" status="PASS">
          <reporter-output>
          </reporter-output>
        </test-method> <!-- testUnsuccesfulRegisterUser -->
        <test-method is-config="true" signature="closeReport()[pri:0, instance:ApiTesting.DemoTest.TestCases@1aa7ecca]" started-at="2022-05-30T05:35:03Z" name="closeReport" finished-at="2022-05-30T05:35:04Z" duration-ms="223" status="PASS">
          <reporter-output>
          </reporter-output>
        </test-method> <!-- closeReport -->
      </class> <!-- ApiTesting.DemoTest.TestCases -->
    </test> <!-- Surefire test -->
  </suite> <!-- Surefire suite -->
</testng-results>
