<?xml version="1.0" encoding="UTF-8"?>
<!-- Generated by org.testng.reporters.JUnitXMLReporter -->
<testsuite ignored="0" hostname="ZCHD-CQR-YOGENDRA-THAKUR" failures="0" tests="9" name="Demo Api Tests" time="12.021" errors="0" timestamp="30 May 2022 05:44:50 GMT">
  <testcase classname="ApiTesting.DemoTest.TestCases" name="testCreateUser" time="2.373"/>
  <testcase classname="ApiTesting.DemoTest.TestCases" name="testDelayedResponse" time="3.706"/>
  <testcase classname="ApiTesting.DemoTest.TestCases" name="testFetchListOfUsers" time="0.824"/>
  <testcase classname="ApiTesting.DemoTest.TestCases" name="testFetchSingleUser" time="0.804"/>
  <testcase classname="ApiTesting.DemoTest.TestCases" name="testFetchUsers" time="0.272"/>
  <testcase classname="ApiTesting.DemoTest.TestCases" name="testLoginUnseccusfulUser" time="0.627"/>
  <testcase classname="ApiTesting.DemoTest.TestCases" name="testLoginUser" time="0.625"/>
  <testcase classname="ApiTesting.DemoTest.TestCases" name="testRegisterUser" time="0.626"/>
  <testcase classname="ApiTesting.DemoTest.TestCases" name="testUnsuccesfulRegisterUser" time="0.877"/>
</testsuite> <!-- Demo Api Tests -->
