<?xml version="1.0" encoding="UTF-8"?>
<testsuite xmlns:xsi="http://www.w3.org/2001/XMLSchema-instance" xsi:noNamespaceSchemaLocation="https://maven.apache.org/surefire/maven-surefire-plugin/xsd/surefire-test-report.xsd" name="TestSuite" time="11.477" tests="9" errors="0" skipped="0" failures="2">
  <properties>
[...]
</properties>
  <testcase name="testCreateUser" classname="ApiTesting.DemoTest.TestCases" time="2.408"/>
  <testcase name="testDelayedResponse" classname="ApiTesting.DemoTest.TestCases" time="3.615"/>
  <testcase name="testFetchSingleUser" classname="ApiTesting.DemoTest.TestCases" time="0.583"/>
  <testcase name="testFetchUser" classname="ApiTesting.DemoTest.TestCases" time="0.361"/>
  <testcase name="testLoginUnseccusfulUser" classname="ApiTesting.DemoTest.TestCases" time="0.619"/>
  <testcase name="testLoginUser" classname="ApiTesting.DemoTest.TestCases" time="0.69">
    <failure message="1 expectation failed.&#10;JSON path token doesn&apos;t match.&#10;Expected: QpwL5tke4Pnpja7X4&#10;  Actual: null&#10;" type="java.lang.AssertionError">java.lang.AssertionError: 
1 expectation failed.
JSON path token doesn't match.
Expected: QpwL5tke4Pnpja7X4
  Actual: null

	at ApiTesting.DemoTest.TestCases.testLoginUser(TestCases.java:120)
</failure>
  </testcase>
  <testcase name="testRegisterUser" classname="ApiTesting.DemoTest.TestCases" time="0.579">
    <failure message="1 expectation failed.&#10;JSON path id doesn&apos;t match.&#10;Expected: &lt;4&gt;&#10;  Actual: null&#10;" type="java.lang.AssertionError"><![CDATA[java.lang.AssertionError: 
1 expectation failed.
JSON path id doesn't match.
Expected: <4>
  Actual: null

	at ApiTesting.DemoTest.TestCases.testRegisterUser(TestCases.java:106)
]]></failure>
  </testcase>
  <testcase name="testUnsuccesfulRegisterUser" classname="ApiTesting.DemoTest.TestCases" time="0.567"/>
  <testcase name="testApp on testApp(ApiTesting.DemoTest.AppTest)" classname="ApiTesting.DemoTest.AppTest" time="0.958"/>
</testsuite>