<?xml version="1.0" encoding="UTF-8"?>
<testng-results ignored="0" total="9" passed="9" failed="0" skipped="0">
  <reporter-output>
  </reporter-output>
  <suite started-at="2022-05-30T05:44:38Z" name="Test Suite" finished-at="2022-05-30T05:44:50Z" duration-ms="12021">
    <groups>
    </groups>
    <test started-at="2022-05-30T05:44:38Z" name="Demo Api Tests" finished-at="2022-05-30T05:44:50Z" duration-ms="12021">
      <class name="ApiTesting.DemoTest.TestCases">
        <test-method is-config="true" signature="setSpecification()[pri:0, instance:ApiTesting.DemoTest.TestCases@ed7f8b4]" started-at="2022-05-30T05:44:38Z" name="setSpecification" finished-at="2022-05-30T05:44:39Z" duration-ms="1068" status="PASS">
          <reporter-output>
          </reporter-output>
        </test-method> <!-- setSpecification -->
        <test-method signature="testCreateUser()[pri:0, instance:ApiTesting.DemoTest.TestCases@ed7f8b4]" started-at="2022-05-30T05:44:39Z" name="testCreateUser" description="Creating the user" finished-at="2022-05-30T05:44:42Z" duration-ms="2373" status="PASS">
          <reporter-output>
          </reporter-output>
        </test-method> <!-- testCreateUser -->
        <test-method signature="testDelayedResponse()[pri:0, instance:ApiTesting.DemoTest.TestCases@ed7f8b4]" started-at="2022-05-30T05:44:42Z" name="testDelayedResponse" description="Delayed Response" finished-at="2022-05-30T05:44:45Z" duration-ms="3706" status="PASS">
          <reporter-output>
          </reporter-output>
        </test-method> <!-- testDelayedResponse -->
        <test-method signature="testFetchListOfUsers()[pri:0, instance:ApiTesting.DemoTest.TestCases@ed7f8b4]" started-at="2022-05-30T05:44:45Z" name="testFetchListOfUsers" description="Fetching List Of User Details" finished-at="2022-05-30T05:44:46Z" duration-ms="824" status="PASS">
          <reporter-output>
          </reporter-output>
        </test-method> <!-- testFetchListOfUsers -->
        <test-method signature="testFetchSingleUser()[pri:0, instance:ApiTesting.DemoTest.TestCases@ed7f8b4]" started-at="2022-05-30T05:44:46Z" name="testFetchSingleUser" description="Fetching Single User" finished-at="2022-05-30T05:44:47Z" duration-ms="804" status="PASS">
          <reporter-output>
          </reporter-output>
        </test-method> <!-- testFetchSingleUser -->
        <test-method signature="testFetchUsers()[pri:0, instance:ApiTesting.DemoTest.TestCases@ed7f8b4]" started-at="2022-05-30T05:44:47Z" name="testFetchUsers" description="Fetching User Details" finished-at="2022-05-30T05:44:47Z" duration-ms="272" status="PASS">
          <reporter-output>
          </reporter-output>
        </test-method> <!-- testFetchUsers -->
        <test-method signature="testLoginUnseccusfulUser()[pri:0, instance:ApiTesting.DemoTest.TestCases@ed7f8b4]" started-at="2022-05-30T05:44:47Z" name="testLoginUnseccusfulUser" description="Login of Unsuccesful User" finished-at="2022-05-30T05:44:48Z" duration-ms="627" status="PASS">
          <reporter-output>
          </reporter-output>
        </test-method> <!-- testLoginUnseccusfulUser -->
        <test-method signature="testLoginUser()[pri:0, instance:ApiTesting.DemoTest.TestCases@ed7f8b4]" started-at="2022-05-30T05:44:48Z" name="testLoginUser" description="Login user Response" finished-at="2022-05-30T05:44:48Z" duration-ms="625" status="PASS">
          <reporter-output>
          </reporter-output>
        </test-method> <!-- testLoginUser -->
        <test-method signature="testRegisterUser()[pri:0, instance:ApiTesting.DemoTest.TestCases@ed7f8b4]" started-at="2022-05-30T05:44:48Z" name="testRegisterUser" description="Registering the new user" finished-at="2022-05-30T05:44:49Z" duration-ms="626" status="PASS">
          <reporter-output>
          </reporter-output>
        </test-method> <!-- testRegisterUser -->
        <test-method signature="testUnsuccesfulRegisterUser()[pri:0, instance:ApiTesting.DemoTest.TestCases@ed7f8b4]" started-at="2022-05-30T05:44:49Z" name="testUnsuccesfulRegisterUser" description="Unsuccesful Register Users" finished-at="2022-05-30T05:44:50Z" duration-ms="877" status="PASS">
          <reporter-output>
          </reporter-output>
        </test-method> <!-- testUnsuccesfulRegisterUser -->
        <test-method is-config="true" signature="closeReport()[pri:0, instance:ApiTesting.DemoTest.TestCases@ed7f8b4]" started-at="2022-05-30T05:44:50Z" name="closeReport" finished-at="2022-05-30T05:44:50Z" duration-ms="194" status="PASS">
          <reporter-output>
          </reporter-output>
        </test-method> <!-- closeReport -->
      </class> <!-- ApiTesting.DemoTest.TestCases -->
    </test> <!-- Demo Api Tests -->
  </suite> <!-- Test Suite -->
</testng-results>
